C51 COMPILER V9.56.0.0   MSTP                                                              04/23/2018 22:30:42 PAGE 1   


C51 COMPILER V9.56.0.0, COMPILATION OF MODULE MSTP
OBJECT MODULE PLACED IN \\192.168.2.201\Users\zhongzuan\MSTP.obj
COMPILER INVOKED BY: D:\Program Files (x86)\Keil_v5\C51\BIN\C51.EXE ..\sourses\MSTP.c OPTIMIZE(8,SPEED) BROWSE INCDIR(..
                    -\Lib;..\Lib\inc;..\Lib\src;..\sourses) DEBUG OBJECTEXTEND PRINT(.\Listings\MSTP.lst) TABS(2) OBJECT(\\192.168.2.201\User
                    -s\zhongzuan\MSTP.obj)

line level    source

   1          #include "MSTP.h"
   2          #include "Uart.h"
   3          
   4          
   5          
   6          char CheckPack(unsigned char* pData)
   7          {
   8   1          unsigned char i;
   9   1          unsigned char checkCode=0;
  10   1          for(i=0;i<pData[9];i++)
  11   1          {
  12   2              checkCode ^= pData[3+i];
  13   2          }
  14   1          if(checkCode!=pData[1])
  15   1          {
  16   2              for(i=0;i<10;i++)
  17   2              {
  18   3                  pData[i]=0;
  19   3              }
  20   2              return 0;
  21   2          } else{
  22   2      
  23   2              return 1;
  24   2          }
  25   1      
  26   1      }
  27          
  28          void doPack(pack pData,unsigned char* pack )
  29          {
  30   1          unsigned char checkCode=0;
  31   1          unsigned char i;
  32   1          pack[0] = pData.type;
  33   1          pack[2] = pData.cmd;
  34   1          pack[9] = pData.length;
  35   1      
  36   1          for (i=0;i<pData.length;i++)
  37   1          {
  38   2              pack[3+i]=pData.cnt[i];
  39   2          }
  40   1          
  41   1          for(i=0;i<pack[9];i++)
  42   1          {
  43   2              checkCode ^= pack[3+i];
  44   2          }
  45   1      
  46   1          pack[1]=checkCode;
  47   1      
  48   1      }
  49          
  50          void sendPack(unsigned char* pack )
  51          {
  52   1          unsigned char i=10;
  53   1          while(i--)
C51 COMPILER V9.56.0.0   MSTP                                                              04/23/2018 22:30:42 PAGE 2   

  54   1          {
  55   2              Uart2SendChar(*pack++);
  56   2          }
  57   1      }
  58          
  59          void clearBuffer(unsigned char* pData)
  60          {
  61   1          unsigned char i;
  62   1          for(i=0;i<10;i++)
  63   1          {
  64   2              pData[i]=0;
  65   2          }
  66   1      }


MODULE INFORMATION:   STATIC OVERLAYABLE
   CODE SIZE        =    282    ----
   CONSTANT SIZE    =   ----    ----
   XDATA SIZE       =   ----    ----
   PDATA SIZE       =   ----    ----
   DATA SIZE        =   ----      21
   IDATA SIZE       =   ----    ----
   BIT SIZE         =   ----    ----
END OF MODULE INFORMATION.


C51 COMPILATION COMPLETE.  0 WARNING(S),  0 ERROR(S)
