C51 COMPILER V9.56.0.0   POWER                                                             04/22/2018 22:23:48 PAGE 1   


C51 COMPILER V9.56.0.0, COMPILATION OF MODULE POWER
OBJECT MODULE PLACED IN \\192.168.2.201\Users\zhongzuan\Power.obj
COMPILER INVOKED BY: D:\Program Files (x86)\Keil_v5\C51\BIN\C51.EXE ..\sourses\Power.c OPTIMIZE(8,SPEED) BROWSE INCDIR(.
                    -.\Lib;..\Lib\inc;..\Lib\src;..\sourses) DEBUG OBJECTEXTEND PRINT(.\Listings\Power.lst) TABS(2) OBJECT(\\192.168.2.201\Us
                    -ers\zhongzuan\Power.obj)

line level    source

   1          #include "Power.h"
   2          
   3          unsigned char xdata powerStat=0;
   4          
   5          void powerInit()
   6          {
   7   1      
   8   1          OBIIC_Start();
   9   1          OBIIC_SendData(0x68);
  10   1          OBIIC_SendData(0x31);
  11   1          OBIIC_SendData(0xf4);
  12   1          OBIIC_Stop();
  13   1      
  14   1          OBIIC_Start();
  15   1          OBIIC_SendData(0x68);
  16   1          OBIIC_SendData(0x12);
  17   1          OBIIC_SendData(0xae);
  18   1          OBIIC_Stop();           //power output control
  19   1      
  20   1          OBIIC_Start();
  21   1          OBIIC_SendData(0x68);
  22   1          OBIIC_SendData(0x27);
  23   1          OBIIC_SendData(0xe8);
  24   1          OBIIC_Stop();           //LOD4
  25   1      
  26   1          OBIIC_Start();
  27   1          OBIIC_SendData(0x68);
  28   1          OBIIC_SendData(0x28);
  29   1          OBIIC_SendData(0xff);
  30   1          OBIIC_Stop();           //LOD2/3
  31   1      
  32   1          OBIIC_Start();
  33   1          OBIIC_SendData(0x68);
  34   1          OBIIC_SendData(0x82);
  35   1          OBIIC_SendData(0x80);
  36   1          OBIIC_Stop();           //ADC enable
  37   1      
  38   1          OBIIC_Start();
  39   1          OBIIC_SendData(0x68);
  40   1          OBIIC_SendData(0x84);
  41   1          OBIIC_SendData(0x08);
  42   1          OBIIC_Stop();           //ADC set
  43   1      
  44   1          //IRQ set
  45   1          OBIIC_Start();
  46   1          OBIIC_SendData(0x68);
  47   1          OBIIC_SendData(0x40);
  48   1          OBIIC_SendData(0x00);
  49   1          OBIIC_Stop();
  50   1      
  51   1          OBIIC_Start();
  52   1          OBIIC_SendData(0x68);
  53   1          OBIIC_SendData(0x41);
C51 COMPILER V9.56.0.0   POWER                                                             04/22/2018 22:23:48 PAGE 2   

  54   1          OBIIC_SendData(0x0c);
  55   1          OBIIC_Stop();           //charging and changing coplete interrupt enable
  56   1      
  57   1          INTCLKO=EX4;
  58   1      }
  59          
  60          void getBatteryState()
  61          {
  62   1          unsigned char stats=0;
  63   1          unsigned int V=0;
  64   1          
  65   1          OBIIC_Start();
  66   1          OBIIC_SendData(0x68);
  67   1          OBIIC_SendData(0x78);
  68   1          OBIIC_Start();
  69   1          OBIIC_SendData(0x69);
  70   1          stats=OBIIC_RecvData();
  71   1      
  72   1          V|=stats;
  73   1          OBIIC_Start();
  74   1          OBIIC_SendData(0x68);
  75   1          OBIIC_SendData(0x79);
  76   1          OBIIC_Start();
  77   1          OBIIC_SendData(0x69);
  78   1          stats=OBIIC_RecvData();
  79   1          V<<=4;
  80   1          V|=stats;
  81   1          if(V>3000)
  82   1          {
  83   2              powerStat=1;
  84   2              if(V>3500)
  85   2              {
  86   3                  powerStat=2;
  87   3                  if(V>3800) powerStat=3;
  88   3              }
  89   2          }
  90   1      
  91   1      }
  92          
  93          void powerRequest_Isr() interrupt 16
  94          {
  95   1          unsigned char stats=0;
  96   1          OBIIC_Start();
  97   1          OBIIC_SendData(0x68);
  98   1          OBIIC_SendData(0x45);
  99   1          OBIIC_Start();
 100   1          OBIIC_SendData(0x69);
 101   1          stats=OBIIC_RecvData();
 102   1      
 103   1          if(stats&0x08)  powerStat=4;
 104   1          if(stats&0x04)  powerStat=3;
 105   1      
 106   1      }


MODULE INFORMATION:   STATIC OVERLAYABLE
   CODE SIZE        =   1464    ----
   CONSTANT SIZE    =   ----    ----
   XDATA SIZE       =      1    ----
   PDATA SIZE       =   ----    ----
   DATA SIZE        =   ----       2
   IDATA SIZE       =   ----    ----
C51 COMPILER V9.56.0.0   POWER                                                             04/22/2018 22:23:48 PAGE 3   

   BIT SIZE         =   ----    ----
END OF MODULE INFORMATION.


C51 COMPILATION COMPLETE.  0 WARNING(S),  0 ERROR(S)
