C51 COMPILER V9.56.0.0   TIMER                                                             04/06/2018 12:37:07 PAGE 1   


C51 COMPILER V9.56.0.0, COMPILATION OF MODULE TIMER
OBJECT MODULE PLACED IN .\Objects\Timer.obj
COMPILER INVOKED BY: D:\Program Files (x86)\Keil_v5\C51\BIN\C51.EXE ..\sourses\Timer.c OPTIMIZE(8,SPEED) BROWSE INCDIR(.
                    -.\Lib;..\Lib\inc;..\Lib\src;..\sourses) DEBUG OBJECTEXTEND PRINT(.\Listings\Timer.lst) TABS(2) OBJECT(.\Objects\Timer.ob
                    -j)

line level    source

   1          #include "Timer.h"
   2          #include "STC8.h"
   3          
   4              unsigned int xdata TickCount=0;
   5              unsigned int xdata Hour=0;
   6              unsigned int xdata Minute=0;
   7              unsigned int xdata Second=0;
   8              unsigned int xdata preHourH;
   9              unsigned int xdata preMinuteH;
  10              bit isHourChange=1;
  11              bit isMinuteChange=1;
  12              bit isSecondChange=1;
  13          
  14          void Timer0Init(void)   //20毫秒@24.000MHz
  15          {  
  16   1          
  17   1        EA=1;
  18   1          AUXR &= 0x7F;   //定时器时钟12T模式
  19   1        TMOD &= 0xF0;   //设置定时器模式
  20   1        TMOD |= 0x01;   //设置定时器模式
  21   1        TL0 = 0xC0;   //设置定时初值
  22   1        TH0 = 0x63;   //设置定时初值
  23   1        ET0 = 1;                                    //???????
  24   1        TR0 = 1;    //定时器0开始计时
  25   1      }
  26          
  27          void Timer1Init(void)   //20毫秒@24.000MHz
  28          {
  29   1        AUXR &= 0xBF;   //定时器时钟12T模式
  30   1        TMOD &= 0x0F;   //设置定时器模式
  31   1        TMOD |= 0x10;   //设置定时器模式
  32   1        TL1 = 0xC0;   //设置定时初值
  33   1        TH1 = 0x63;   //设置定时初值
  34   1        TF1 = 0;    //清除TF1标志
  35   1          ET1=1;
  36   1        TR1 = 0;    //定时器1不计时
  37   1      }
  38          
  39          
  40          void Tick_20msIsr() interrupt 1
  41          {
  42   1          TickCount++;
  43   1          if(TickCount==50)
  44   1          {
  45   2              Second++;
  46   2              isSecondChange=1;
  47   2              TickCount=0;
  48   2              if(Second==60)
  49   2              {
  50   3                  Minute++;
  51   3                  isMinuteChange=1;
  52   3                  Second=0;
  53   3                  if(Minute==60)
C51 COMPILER V9.56.0.0   TIMER                                                             04/06/2018 12:37:07 PAGE 2   

  54   3                  {
  55   4                      Hour++;
  56   4                      isHourChange=1;
  57   4                      Minute=0;
  58   4      
  59   4                  }
  60   3              }
  61   2          }
  62   1      
  63   1        TL0 = 0xC0;   //设置定时初值
  64   1        TH0 = 0x63;   //设置定时初值
  65   1      
  66   1      
  67   1      }
  68          
  69          


MODULE INFORMATION:   STATIC OVERLAYABLE
   CODE SIZE        =    180    ----
   CONSTANT SIZE    =   ----    ----
   XDATA SIZE       =     12    ----
   PDATA SIZE       =   ----    ----
   DATA SIZE        =   ----    ----
   IDATA SIZE       =   ----    ----
   BIT SIZE         =      3    ----
END OF MODULE INFORMATION.


C51 COMPILATION COMPLETE.  0 WARNING(S),  0 ERROR(S)
